Flow report for Next186_SoC
Sat May 16 23:45:03 2020
Quartus Prime Version 17.1.0 Build 590 10/25/2017 SJ Lite Edition


---------------------
; Table of Contents ;
---------------------
  1. Legal Notice
  2. Flow Summary
  3. Flow Settings
  4. Flow Non-Default Global Settings
  5. Flow Elapsed Time
  6. Flow OS Summary
  7. Flow Log
  8. Flow Messages
  9. Flow Suppressed Messages



----------------
; Legal Notice ;
----------------
Copyright (C) 2017  Intel Corporation. All rights reserved.
Your use of Intel Corporation's design tools, logic functions 
and other software and tools, and its AMPP partner logic 
functions, and any output files from any of the foregoing 
(including device programming or simulation files), and any 
associated documentation or information are expressly subject 
to the terms and conditions of the Intel Program License 
Subscription Agreement, the Intel Quartus Prime License Agreement,
the Intel FPGA IP License Agreement, or other applicable license
agreement, including, without limitation, that your use is for
the sole purpose of programming logic devices manufactured by
Intel and sold by Intel or its authorized distributors.  Please
refer to the applicable agreement for further details.



+----------------------------------------------------------------------------------+
; Flow Summary                                                                     ;
+------------------------------------+---------------------------------------------+
; Flow Status                        ; Successful - Sat May 16 23:45:03 2020       ;
; Quartus Prime Version              ; 17.1.0 Build 590 10/25/2017 SJ Lite Edition ;
; Revision Name                      ; Next186_SoC                                 ;
; Top-level Entity Name              ; Next186_SoC                                 ;
; Family                             ; Cyclone IV E                                ;
; Device                             ; EP4CE22F17C8                                ;
; Timing Models                      ; Final                                       ;
; Total logic elements               ; 14,760 / 22,320 ( 66 % )                    ;
;     Total combinational functions  ; 13,029 / 22,320 ( 58 % )                    ;
;     Dedicated logic registers      ; 6,047 / 22,320 ( 27 % )                     ;
; Total registers                    ; 6117                                        ;
; Total pins                         ; 71 / 154 ( 46 % )                           ;
; Total virtual pins                 ; 0                                           ;
; Total memory bits                  ; 514,832 / 608,256 ( 85 % )                  ;
; Embedded Multiplier 9-bit elements ; 12 / 132 ( 9 % )                            ;
; Total PLLs                         ; 2 / 4 ( 50 % )                              ;
+------------------------------------+---------------------------------------------+


+-----------------------------------------+
; Flow Settings                           ;
+-------------------+---------------------+
; Option            ; Setting             ;
+-------------------+---------------------+
; Start date & time ; 05/16/2020 23:39:49 ;
; Main task         ; Compilation         ;
; Revision Name     ; Next186_SoC         ;
+-------------------+---------------------+


+-----------------------------------------------------------------------------------------------------------------------------------------+
; Flow Non-Default Global Settings                                                                                                        ;
+-------------------------------------------------+----------------------------------------+---------------+-------------+----------------+
; Assignment Name                                 ; Value                                  ; Default Value ; Entity Name ; Section Id     ;
+-------------------------------------------------+----------------------------------------+---------------+-------------+----------------+
; COMPILER_SIGNATURE_ID                           ; 53447161827430.158966518910172         ; --            ; --          ; --             ;
; EDA_OUTPUT_DATA_FORMAT                          ; Verilog Hdl                            ; --            ; --          ; eda_simulation ;
; EDA_SIMULATION_TOOL                             ; ModelSim (Verilog)                     ; <None>        ; --          ; --             ;
; EDA_TIME_SCALE                                  ; 1 ps                                   ; --            ; --          ; eda_simulation ;
; MAX_CORE_JUNCTION_TEMP                          ; 85                                     ; --            ; --          ; --             ;
; MIN_CORE_JUNCTION_TEMP                          ; 0                                      ; --            ; --          ; --             ;
; MISC_FILE                                       ; cache_bb2.v                            ; --            ; --          ; --             ;
; MISC_FILE                                       ; q16_bb.v                               ; --            ; --          ; --             ;
; MISC_FILE                                       ; datamem16_bb.v                         ; --            ; --          ; --             ;
; MISC_FILE                                       ; instrmem_bb.v                          ; --            ; --          ; --             ;
; MISC_FILE                                       ; qdsp_bb.v                              ; --            ; --          ; --             ;
; MISC_FILE                                       ; dcm_cpu_bb.v                           ; --            ; --          ; --             ;
; MISC_FILE                                       ; dcm_cpu.ppf                            ; --            ; --          ; --             ;
; MISC_FILE                                       ; dcm_bb.v                               ; --            ; --          ; --             ;
; MISC_FILE                                       ; dcm.ppf                                ; --            ; --          ; --             ;
; MISC_FILE                                       ; fifo_bb.v                              ; --            ; --          ; --             ;
; MISC_FILE                                       ; DAC_SRAM_bb.v                          ; --            ; --          ; --             ;
; MISC_FILE                                       ; sr_font_bb.v                           ; --            ; --          ; --             ;
; MISC_FILE                                       ; cache_bb.v                             ; --            ; --          ; --             ;
; MISC_FILE                                       ; dd_buf.bsf                             ; --            ; --          ; --             ;
; MISC_FILE                                       ; dd_buf_inst.v                          ; --            ; --          ; --             ;
; MISC_FILE                                       ; dd_buf_bb.v                            ; --            ; --          ; --             ;
; MISC_FILE                                       ; dd_buf.inc                             ; --            ; --          ; --             ;
; MISC_FILE                                       ; dd_buf.cmp                             ; --            ; --          ; --             ;
; MISC_FILE                                       ; dd_buf.ppf                             ; --            ; --          ; --             ;
; MISC_FILE                                       ; opl3_mem_bb.v                          ; --            ; --          ; --             ;
; MISC_FILE                                       ; opl3_in_bb.v                           ; --            ; --          ; --             ;
; MUX_RESTRUCTURE                                 ; Off                                    ; Auto          ; --          ; --             ;
; NUM_PARALLEL_PROCESSORS                         ; All                                    ; --            ; --          ; --             ;
; OPTIMIZATION_MODE                               ; Aggressive Performance                 ; Balanced      ; --          ; --             ;
; OUTPUT_IO_TIMING_FAR_END_VMEAS                  ; Half Signal Swing                      ; --            ; --          ; --             ;
; OUTPUT_IO_TIMING_FAR_END_VMEAS                  ; Half Signal Swing                      ; --            ; --          ; --             ;
; OUTPUT_IO_TIMING_NEAR_END_VMEAS                 ; Half Vccio                             ; --            ; --          ; --             ;
; OUTPUT_IO_TIMING_NEAR_END_VMEAS                 ; Half Vccio                             ; --            ; --          ; --             ;
; PARTITION_COLOR                                 ; -- (Not supported for targeted family) ; --            ; --          ; Top            ;
; PARTITION_FITTER_PRESERVATION_LEVEL             ; -- (Not supported for targeted family) ; --            ; --          ; Top            ;
; PARTITION_NETLIST_TYPE                          ; -- (Not supported for targeted family) ; --            ; --          ; Top            ;
; PHYSICAL_SYNTHESIS_COMBO_LOGIC                  ; On                                     ; Off           ; --          ; --             ;
; PHYSICAL_SYNTHESIS_COMBO_LOGIC_FOR_AREA         ; On                                     ; Off           ; --          ; --             ;
; PHYSICAL_SYNTHESIS_EFFORT                       ; Extra                                  ; Normal        ; --          ; --             ;
; PHYSICAL_SYNTHESIS_MAP_LOGIC_TO_MEMORY_FOR_AREA ; On                                     ; Off           ; --          ; --             ;
; PHYSICAL_SYNTHESIS_REGISTER_RETIMING            ; On                                     ; Off           ; --          ; --             ;
; PLACEMENT_EFFORT_MULTIPLIER                     ; 4.0                                    ; 1.0           ; --          ; --             ;
; POWER_BOARD_THERMAL_MODEL                       ; None (CONSERVATIVE)                    ; --            ; --          ; --             ;
; POWER_PRESET_COOLING_SOLUTION                   ; 23 MM HEAT SINK WITH 200 LFPM AIRFLOW  ; --            ; --          ; --             ;
; ROUTER_TIMING_OPTIMIZATION_LEVEL                ; MAXIMUM                                ; Normal        ; --          ; --             ;
; SEED                                            ; 3                                      ; 1             ; --          ; --             ;
; VERILOG_INPUT_VERSION                           ; SystemVerilog_2005                     ; Verilog_2001  ; --          ; --             ;
; VERILOG_SHOW_LMF_MAPPING_MESSAGES               ; Off                                    ; --            ; --          ; --             ;
+-------------------------------------------------+----------------------------------------+---------------+-------------+----------------+


+-------------------------------------------------------------------------------------------------------------------------------+
; Flow Elapsed Time                                                                                                             ;
+---------------------------+--------------+-------------------------+---------------------+------------------------------------+
; Module Name               ; Elapsed Time ; Average Processors Used ; Peak Virtual Memory ; Total CPU Time (on all processors) ;
+---------------------------+--------------+-------------------------+---------------------+------------------------------------+
; Analysis & Synthesis      ; 00:01:28     ; 1.0                     ; 4996 MB             ; 00:01:42                           ;
; Fitter                    ; 00:02:57     ; 1.1                     ; 5739 MB             ; 00:04:58                           ;
; Assembler                 ; 00:00:03     ; 1.0                     ; 4729 MB             ; 00:00:02                           ;
; TimeQuest Timing Analyzer ; 00:00:16     ; 2.1                     ; 5068 MB             ; 00:00:22                           ;
; EDA Netlist Writer        ; 00:00:19     ; 1.0                     ; 4809 MB             ; 00:00:14                           ;
; Total                     ; 00:05:03     ; --                      ; --                  ; 00:07:18                           ;
+---------------------------+--------------+-------------------------+---------------------+------------------------------------+


+-----------------------------------------------------------------------------------------+
; Flow OS Summary                                                                         ;
+---------------------------+------------------+------------+------------+----------------+
; Module Name               ; Machine Hostname ; OS Name    ; OS Version ; Processor type ;
+---------------------------+------------------+------------+------------+----------------+
; Analysis & Synthesis      ; DESKTOP-LDMKG1F  ; Windows 10 ; 10.0       ; x86_64         ;
; Fitter                    ; DESKTOP-LDMKG1F  ; Windows 10 ; 10.0       ; x86_64         ;
; Assembler                 ; DESKTOP-LDMKG1F  ; Windows 10 ; 10.0       ; x86_64         ;
; TimeQuest Timing Analyzer ; DESKTOP-LDMKG1F  ; Windows 10 ; 10.0       ; x86_64         ;
; EDA Netlist Writer        ; DESKTOP-LDMKG1F  ; Windows 10 ; 10.0       ; x86_64         ;
+---------------------------+------------------+------------+------------+----------------+


------------
; Flow Log ;
------------
quartus_map --read_settings_files=on --write_settings_files=off Next186_SoC -c Next186_SoC
quartus_fit --read_settings_files=off --write_settings_files=off Next186_SoC -c Next186_SoC
quartus_asm --read_settings_files=off --write_settings_files=off Next186_SoC -c Next186_SoC
quartus_sta Next186_SoC -c Next186_SoC
quartus_eda --read_settings_files=off --write_settings_files=off Next186_SoC -c Next186_SoC



